<?xml version="1.0" encoding="utf-8"?><testsuites name="pytest tests"><testsuite name="pytest" errors="0" failures="1" skipped="0" tests="28" time="4.252" timestamp="2026-07-21T15:27:33.697549+00:00" hostname="agent-env-16e04512-0955-489e-a065-bd4609bd8718"><testcase classname="tests.test_admin_and_events.TestResponseEventAppend" name="test_append_single_response" time="0.862" /><testcase classname="tests.test_admin_and_events.TestAdminRoleGate" name="test_admin_login_is_admin_true" time="0.803" /><testcase classname="tests.test_admin_and_events.TestResponseEventAppend" name="test_status_transition_same_attempt" time="0.418" /><testcase classname="tests.test_admin_and_events.TestAdminRoleGate" name="test_non_admin_signup_is_admin_false" time="0.336" /><testcase classname="tests.test_admin_and_events.TestAdminRoleGate" name="test_non_admin_gets_403[GET-/admin/summary-None]" time="0.097" /><testcase classname="tests.test_admin_and_events.TestAdminRoleGate" name="test_non_admin_gets_403[POST-/admin/annotations-body1]" time="0.112" /><testcase classname="tests.test_admin_and_events.TestResponseEventAppend" name="test_no_mutation_verbs[PATCH]" time="0.246" /><testcase classname="tests.test_admin_and_events.TestAdminRoleGate" name="test_non_admin_gets_403[POST-/admin/paste-answer-key-body2]" time="0.119" /><testcase classname="tests.test_admin_and_events.TestAdminRoleGate" name="test_non_admin_gets_403[POST-/admin/feed-items-body3]" time="0.136" /><testcase classname="tests.test_admin_and_events.TestResponseEventAppend" name="test_no_mutation_verbs[PUT]" time="0.274" /><testcase classname="tests.test_admin_and_events.TestAdminRoleGate" name="test_anon_gets_401" time="0.106" /><testcase classname="tests.test_admin_and_events.TestRegressions" name="test_login_logout" time="0.127" /><testcase classname="tests.test_admin_and_events.TestResponseEventAppend" name="test_no_mutation_verbs[DELETE]" time="0.243" /><testcase classname="tests.test_admin_and_events.TestRegressions" name="test_feed_public_endpoints" time="0.114" /><testcase classname="tests.test_admin_and_events.TestRegressions" name="test_analyses_list" time="0.175" /><testcase classname="tests.test_admin_and_events.TestResponseEventAppend" name="test_bulk_insert" time="0.122" /><testcase classname="tests.test_admin_and_events.TestRegressions" name="test_annotation_get" time="0.097" /><testcase classname="tests.test_admin_and_events.TestAdminUsers" name="test_list_users_includes_admin" time="0.111" /><testcase classname="tests.test_admin_and_events.TestEventsAccessControl" name="test_events_read_non_admin_403" time="0.655" /><testcase classname="tests.test_admin_and_events.TestAdminUsers" name="test_promote_and_demote_other_user" time="0.788" /><testcase classname="tests.test_admin_and_events.TestEventsAccessControl" name="test_events_anon_401" time="0.345" /><testcase classname="tests.test_admin_and_events.TestAdminUsers" name="test_self_demote_returns_400" time="0.251" /><testcase classname="tests.test_admin_and_events.TestEventsAccessControl" name="test_events_write_non_admin" time="0.113"><failure message="AssertionError: POST /events/responses non-admin -&gt; 200&#10;assert 200 == 403&#10; +  where 200 = &lt;Response [200]&gt;.status_code">backend/tests/test_admin_and_events.py:362: in test_events_write_non_admin
    assert r.status_code == 403, f"POST /events/responses non-admin -&gt; {r.status_code}"
E   AssertionError: POST /events/responses non-admin -&gt; 200
E   assert 200 == 403
E    +  where 200 = &lt;Response [200]&gt;.status_code</failure></testcase><testcase classname="tests.test_admin_and_events.TestJoinCorrectness" name="test_history_joins_item_annotation" time="0.125" /><testcase classname="tests.test_admin_and_events.TestAdminSummary" name="test_summary_shape" time="0.112" /><testcase classname="tests.test_admin_and_events.TestJoinCorrectness" name="test_filter_disciplina_and_origem" time="0.130" /><testcase classname="tests.test_admin_and_events.TestInterventions" name="test_intervention_creates_in_separate_collection" time="0.390" /><testcase classname="tests.test_admin_and_events.TestStudentsList" name="test_list_students_shape" time="0.134" /></testsuite></testsuites>