<?xml version="1.0" encoding="utf-8"?><testsuites name="pytest tests"><testsuite name="pytest" errors="0" failures="0" skipped="0" tests="16" time="3.522" timestamp="2026-07-09T20:12:12.850939+00:00" hostname="agent-env-16e04512-0955-489e-a065-bd4609bd8718"><testcase classname="tests.test_feed.TestFeedInteractions" name="test_interaction_requires_auth" time="0.236" /><testcase classname="tests.test_feed.TestFeedListing" name="test_default_page_returns_6_items" time="0.240" /><testcase classname="tests.test_feed.TestFeedListing" name="test_pagination_cursor_middle_and_end" time="0.446" /><testcase classname="tests.test_feed.TestFeedInteractions" name="test_interaction_create_and_accumulate" time="0.812" /><testcase classname="tests.test_feed.TestFeedListing" name="test_limit_1" time="0.117" /><testcase classname="tests.test_feed.TestFeedListing" name="test_limit_over_30_rejected" time="0.100" /><testcase classname="tests.test_feed.TestFeedListing" name="test_feed_item_flexible_schema" time="0.101" /><testcase classname="tests.test_feed.TestRegression" name="test_login_still_works" time="0.385" /><testcase classname="tests.test_feed.TestFeedInteractions" name="test_interaction_unknown_content" time="0.344" /><testcase classname="tests.test_feed.TestRegression" name="test_exams_list" time="0.111" /><testcase classname="tests.test_feed.TestRegression" name="test_analyses_trash_filter" time="0.646" /><testcase classname="tests.test_feed.TestFeedProgress" name="test_progress_defaults_for_fresh_user" time="0.857" /><testcase classname="tests.test_feed.TestAdminFeedItems" name="test_create_patch_delete" time="0.656" /><testcase classname="tests.test_feed.TestFeedProgress" name="test_progress_persistence" time="0.329" /><testcase classname="tests.test_feed.TestFeedProgress" name="test_progress_requires_auth" time="0.148" /><testcase classname="tests.test_feed.TestAdminFeedItems" name="test_admin_requires_auth" time="0.208" /></testsuite></testsuites>