<?xml version="1.0" encoding="utf-8"?><testsuites name="pytest tests"><testsuite name="pytest" errors="0" failures="0" skipped="0" tests="13" time="134.961" timestamp="2026-07-08T21:47:11.632874+00:00" hostname="agent-env-16e04512-0955-489e-a065-bd4609bd8718"><testcase classname="tests.test_sapiens_v2.TestPasteAnswerKey" name="test_unauth" time="0.172" /><testcase classname="tests.test_sapiens_v2.TestExams" name="test_list_exams_metadata_only" time="0.247" /><testcase classname="tests.test_sapiens_v2.TestExams" name="test_seeded_exams_present" time="0.273" /><testcase classname="tests.test_sapiens_v2.TestExams" name="test_get_exam_english" time="0.272" /><testcase classname="tests.test_sapiens_v2.TestPasteAnswerKey" name="test_paste_creates_exam" time="0.699" /><testcase classname="tests.test_sapiens_v2.TestExams" name="test_get_exam_spanish_when_available" time="0.249" /><testcase classname="tests.test_sapiens_v2.TestPasteAnswerKey" name="test_paste_upsert_same_key" time="0.179" /><testcase classname="tests.test_sapiens_v2.TestExams" name="test_get_exam_not_found" time="0.112" /><testcase classname="tests.test_sapiens_v2.TestPasteAnswerKey" name="test_paste_invalid_returns_400" time="0.096" /><testcase classname="tests.test_sapiens_v2.TestAnalyses" name="test_submit_requires_auth" time="0.196" /><testcase classname="tests.test_sapiens_v2.TestAnalyses" name="test_two_submissions_create_independent_attempts" time="42.428" /><testcase classname="tests.test_sapiens_v2.TestAnalyses" name="test_rename_trash_restore_delete_flow" time="46.866" /><testcase classname="tests.test_sapiens_v2.TestAnalyses" name="test_ownership_and_missing_ids" time="43.811" /></testsuite></testsuites>