<?xml version="1.0" encoding="utf-8"?><testsuites name="pytest tests"><testsuite name="pytest" errors="0" failures="0" skipped="0" tests="16" time="39.689" timestamp="2026-07-08T21:09:12.740504+00:00" hostname="agent-env-16e04512-0955-489e-a065-bd4609bd8718"><testcase classname="tests.test_sapiens_backend" name="test_root" time="0.171" /><testcase classname="tests.test_sapiens_backend" name="test_list_exams" time="0.047" /><testcase classname="tests.test_sapiens_backend" name="test_get_exam_hides_answers" time="0.099" /><testcase classname="tests.test_sapiens_backend" name="test_get_exam_not_found" time="0.053" /><testcase classname="tests.test_sapiens_backend" name="test_signup_duplicate" time="0.104" /><testcase classname="tests.test_sapiens_backend" name="test_signup_new_user_returns_token_and_cookie" time="0.271" /><testcase classname="tests.test_sapiens_backend" name="test_login_wrong_password" time="0.541" /><testcase classname="tests.test_sapiens_backend" name="test_login_correct" time="0.268" /><testcase classname="tests.test_sapiens_backend" name="test_me_without_token" time="0.110" /><testcase classname="tests.test_sapiens_backend" name="test_me_with_token" time="0.104" /><testcase classname="tests.test_sapiens_backend" name="test_submit_analysis_full_ai" time="34.420" /><testcase classname="tests.test_sapiens_backend" name="test_list_analyses_scoped" time="0.177" /><testcase classname="tests.test_sapiens_backend" name="test_get_analysis_by_id" time="0.107" /><testcase classname="tests.test_sapiens_backend" name="test_analyses_requires_auth" time="0.121" /><testcase classname="tests.test_sapiens_backend" name="test_import_exam_with_tags" time="0.229" /><testcase classname="tests.test_sapiens_backend" name="test_vision_answer_sheet" time="2.768" /></testsuite></testsuites>