<?xml version="1.0" encoding="utf-8"?><testsuites name="pytest tests"><testsuite name="pytest" errors="0" failures="3" skipped="0" tests="3" time="2.185" timestamp="2026-07-10T18:30:39.156619+00:00" hostname="agent-env-16e04512-0955-489e-a065-bd4609bd8718"><testcase classname="tests.test_annotations.TestReadAuthGate" name="test_list_annotations_requires_auth" time="0.597"><failure message="AssertionError: expected 401/403 without token, got 200&#10;assert 200 in (401, 403)&#10; +  where 200 = &lt;Response [200]&gt;.status_code">backend/tests/test_annotations.py:299: in test_list_annotations_requires_auth
    assert r.status_code in (401, 403), f"expected 401/403 without token, got {r.status_code}"
E   AssertionError: expected 401/403 without token, got 200
E   assert 200 in (401, 403)
E    +  where 200 = &lt;Response [200]&gt;.status_code</failure></testcase><testcase classname="tests.test_annotations.TestReadAuthGate" name="test_get_annotation_by_item_id_requires_auth" time="0.211"><failure message="AssertionError: expected 401/403 without token, got 200&#10;assert 200 in (401, 403)&#10; +  where 200 = &lt;Response [200]&gt;.status_code">backend/tests/test_annotations.py:309: in test_get_annotation_by_item_id_requires_auth
    assert r.status_code in (401, 403), f"expected 401/403 without token, got {r.status_code}"
E   AssertionError: expected 401/403 without token, got 200
E   assert 200 in (401, 403)
E    +  where 200 = &lt;Response [200]&gt;.status_code</failure></testcase><testcase classname="tests.test_annotations.TestReadAuthGate" name="test_get_annotation_by_question_requires_auth" time="0.749"><failure message="AssertionError: expected 401/403 without token, got 200&#10;assert 200 in (401, 403)&#10; +  where 200 = &lt;Response [200]&gt;.status_code">backend/tests/test_annotations.py:319: in test_get_annotation_by_question_requires_auth
    assert r.status_code in (401, 403), f"expected 401/403 without token, got {r.status_code}"
E   AssertionError: expected 401/403 without token, got 200
E   assert 200 in (401, 403)
E    +  where 200 = &lt;Response [200]&gt;.status_code</failure></testcase></testsuite></testsuites>