<?xml version="1.0" encoding="utf-8"?><testsuites name="pytest tests"><testsuite name="pytest" errors="0" failures="0" skipped="0" tests="23" time="45.419" timestamp="2026-07-10T18:33:17.022393+00:00" hostname="agent-env-16e04512-0955-489e-a065-bd4609bd8718"><testcase classname="tests.test_annotations.TestRegression" name="test_feed_endpoint" time="0.417" /><testcase classname="tests.test_annotations.TestUpsertSingle" name="test_happy_path_enem_2022_mat_137" time="0.524" /><testcase classname="tests.test_annotations.TestUpsertSingle" name="test_idempotent_upsert" time="0.434" /><testcase classname="tests.test_annotations.TestRegression" name="test_feed_progress_requires_auth" time="0.657" /><testcase classname="tests.test_annotations.TestUpsertSingle" name="test_extra_fields_preserved" time="0.216" /><testcase classname="tests.test_annotations.TestRegression" name="test_exams_still_seeded" time="0.094" /><testcase classname="tests.test_annotations.TestRegression" name="test_analyses_trash_filter" time="0.175" /><testcase classname="tests.test_annotations.TestUpsertSingle" name="test_missing_schema_version_returns_400" time="0.112" /><testcase classname="tests.test_annotations.TestUpsertSingle" name="test_missing_item_id_returns_400" time="0.097" /><testcase classname="tests.test_annotations.TestRegression" name="test_auth_login_regression" time="0.336" /><testcase classname="tests.test_annotations.TestUpsertSingle" name="test_requires_auth" time="0.289" /><testcase classname="tests.test_annotations.TestReads" name="test_get_by_item_id_matches_payload" time="0.154" /><testcase classname="tests.test_annotations.TestCognitiveProfile" name="test_requires_auth" time="0.165" /><testcase classname="tests.test_annotations.TestReads" name="test_get_by_question_coordinate" time="0.211" /><testcase classname="tests.test_annotations.TestCognitiveProfile" name="test_shape_with_token" time="0.507" /><testcase classname="tests.test_annotations.TestReads" name="test_list_with_filters" time="0.218" /><testcase classname="tests.test_annotations.TestReadAuthGate" name="test_list_annotations_requires_auth" time="0.295" /><testcase classname="tests.test_annotations.TestCognitiveProfile" name="test_process_aggregation_for_enem_2023_azul_q46" time="39.295" /><testcase classname="tests.test_annotations.TestReadAuthGate" name="test_get_annotation_by_item_id_requires_auth" time="0.526" /><testcase classname="tests.test_annotations.TestReadAuthGate" name="test_get_annotation_by_question_requires_auth" time="0.259" /><testcase classname="tests.test_annotations.TestDelete" name="test_delete_then_404" time="1.534" /><testcase classname="tests.test_annotations.TestCognitiveProfile" name="test_read_only_invariant" time="2.335" /><testcase classname="tests.test_annotations.TestBulk" name="test_bulk_partial_success" time="0.890" /></testsuite></testsuites>