<?xml version="1.0" encoding="utf-8"?><testsuites name="pytest tests"><testsuite name="pytest" errors="0" failures="0" skipped="2" tests="8" time="2.329" timestamp="2026-07-10T21:02:30.914177+00:00" hostname="agent-env-a68e2c47-04a1-42f8-afbc-f6b3d92581df"><testcase classname="tests.test_book_endpoints.TestBookNotFound" name="test_manifest_unknown_id_returns_404" time="0.231" /><testcase classname="tests.test_book_endpoints.TestBookUpload" name="test_upload_creates_book_with_manifest_null" time="0.957" /><testcase classname="tests.test_book_endpoints.TestBookNotFound" name="test_process_unknown_id_returns_404" time="0.345" /><testcase classname="tests.test_book_endpoints.TestBookNotFound" name="test_get_unknown_id_returns_404" time="0.048" /><testcase classname="tests.test_book_endpoints.TestBookLLMFlow" name="test_manifest_call_returns_200_or_502" time="1.119"><skipped type="pytest.skip" message="LLM budget/upstream failure — manifest cannot be exercised.">/app/backend/tests/test_book_endpoints.py:115: LLM budget/upstream failure — manifest cannot be exercised.</skipped></testcase><testcase classname="tests.test_book_endpoints.TestBookUpload" name="test_upload_rejects_invalid_ext" time="0.280" /><testcase classname="tests.test_book_endpoints.TestBookUpload" name="test_upload_rejects_empty" time="0.094" /><testcase classname="tests.test_book_endpoints.TestBookLLMFlow" name="test_process_creates_pipeline_linked_to_book" time="0.000"><skipped type="pytest.skip" message="Manifest step did not succeed.">/app/backend/tests/test_book_endpoints.py:121: Manifest step did not succeed.</skipped></testcase></testsuite></testsuites>