<?xml version="1.0" encoding="utf-8"?><testsuites name="pytest tests"><testsuite name="pytest" errors="0" failures="1" skipped="0" tests="14" time="73.006" timestamp="2026-07-21T16:03:15.344368+00:00" hostname="agent-env-a68e2c47-04a1-42f8-afbc-f6b3d92581df"><testcase classname="tests.backend_test.TestOntology" name="test_get_ontology" time="0.181" /><testcase classname="tests.backend_test.TestPipeline" name="test_generate_pipeline" time="36.925" /><testcase classname="tests.backend_test.TestOntology" name="test_ontology_summary" time="0.127" /><testcase classname="tests.backend_test.TestOntology" name="test_stats" time="0.088" /><testcase classname="tests.backend_test.TestOntology" name="test_import_and_reactivate_seed" time="0.305" /><testcase classname="tests.backend_test.TestRegenerate" name="test_regenerate" time="71.666"><failure message="assert 502 == 200&#10; +  where 502 = &lt;Response [502]&gt;.status_code">tests/backend_test.py:184: in test_regenerate
    assert r2.status_code == 200
E   assert 502 == 200
E    +  where 502 = &lt;Response [502]&gt;.status_code</failure></testcase><testcase classname="tests.backend_test.TestPipeline" name="test_list_pipelines" time="0.067" /><testcase classname="tests.backend_test.TestPipeline" name="test_list_pipelines_with_filter" time="0.062" /><testcase classname="tests.backend_test.TestPipeline" name="test_get_pipeline" time="0.064" /><testcase classname="tests.backend_test.TestPipeline" name="test_get_artifact_original" time="0.267" /><testcase classname="tests.backend_test.TestPipeline" name="test_get_artifact_extraction" time="0.294" /><testcase classname="tests.backend_test.TestPipeline" name="test_get_artifact_pipeline" time="0.541" /><testcase classname="tests.backend_test.TestPipeline" name="test_update_pipeline" time="0.621" /><testcase classname="tests.backend_test.TestPipeline" name="test_delete_pipeline" time="0.125" /></testsuite></testsuites>