<?xml version="1.0" encoding="utf-8"?><testsuites name="pytest tests"><testsuite name="pytest" errors="0" failures="0" skipped="0" tests="18" time="59.668" timestamp="2026-07-21T16:04:51.770778+00:00" hostname="agent-env-a68e2c47-04a1-42f8-afbc-f6b3d92581df"><testcase classname="tests.test_book_endpoints.TestBookNotFound" name="test_manifest_unknown_id_returns_404" time="0.226" /><testcase classname="tests.test_book_endpoints.TestBookUpload" name="test_upload_creates_book_with_manifest_null" time="0.740" /><testcase classname="tests.test_book_endpoints.TestBookNotFound" name="test_process_unknown_id_returns_404" time="0.475" /><testcase classname="tests.test_book_endpoints.TestBookNotFound" name="test_get_unknown_id_returns_404" time="0.067" /><testcase classname="tests.test_book_endpoints.TestBookUpload" name="test_upload_rejects_invalid_ext" time="0.045" /><testcase classname="tests.test_bulk_pipelines.TestBulkGet" name="test_returns_in_order_ignoring_missing" time="0.624" /><testcase classname="tests.test_book_endpoints.TestBookUpload" name="test_upload_rejects_empty" time="0.056" /><testcase classname="tests.test_book_endpoints.TestBookLLMFlow" name="test_manifest_call_returns_200_or_502" time="4.920" /><testcase classname="tests.test_bulk_pipelines.TestBulkGet" name="test_empty_ids" time="0.198" /><testcase classname="tests.test_bulk_pipelines.TestBulkGet" name="test_all_missing" time="0.086" /><testcase classname="tests.test_ontology_reset_import.TestOntologyImportGuards" name="test_import_json_ok" time="0.138" /><testcase classname="tests.test_ontology_reset_import.TestOntologyImportGuards" name="test_import_empty_json_returns_400" time="0.062" /><testcase classname="tests.test_ontology_reset_import.TestOntologyReset" name="test_reset_endpoint_restores_seed" time="0.206" /><testcase classname="tests.test_ontology_reset_import.TestOntologyImportGemini" name="test_import_txt_via_gemini" time="30.068" /><testcase classname="tests.test_book_endpoints.TestBookLLMFlow" name="test_process_creates_pipeline_linked_to_book" time="52.168" /><testcase classname="tests.test_ontology_reset_import.TestFinalReset" name="test_final_reset" time="0.069" /><testcase classname="tests.test_bulk_pipelines.TestBulkDelete" name="test_deletes_and_returns_count" time="0.360" /><testcase classname="tests.test_bulk_pipelines.TestBulkDelete" name="test_delete_empty_returns_zero" time="0.072" /></testsuite></testsuites>