<?xml version="1.0" encoding="utf-8"?><testsuites name="pytest tests"><testsuite name="pytest" errors="0" failures="0" skipped="0" tests="5" time="0.586" timestamp="2026-07-10T20:49:13.035388+00:00" hostname="agent-env-a68e2c47-04a1-42f8-afbc-f6b3d92581df"><testcase classname="tests.test_bulk_pipelines.TestBulkGet" name="test_returns_in_order_ignoring_missing" time="0.161" /><testcase classname="tests.test_bulk_pipelines.TestBulkGet" name="test_empty_ids" time="0.051" /><testcase classname="tests.test_bulk_pipelines.TestBulkGet" name="test_all_missing" time="0.050" /><testcase classname="tests.test_bulk_pipelines.TestBulkDelete" name="test_deletes_and_returns_count" time="0.141" /><testcase classname="tests.test_bulk_pipelines.TestBulkDelete" name="test_delete_empty_returns_zero" time="0.051" /></testsuite></testsuites>