<?xml version="1.0" encoding="utf-8"?><testsuites name="pytest tests"><testsuite name="pytest" errors="0" failures="0" skipped="0" tests="14" time="53.643" timestamp="2026-07-10T18:50:36.212279+00:00" hostname="agent-env-a68e2c47-04a1-42f8-afbc-f6b3d92581df"><testcase classname="tests.backend_test.TestOntology" name="test_get_ontology" time="0.144" /><testcase classname="tests.backend_test.TestPipeline" name="test_generate_pipeline" time="28.710" /><testcase classname="tests.backend_test.TestOntology" name="test_ontology_summary" time="0.216" /><testcase classname="tests.backend_test.TestOntology" name="test_stats" time="0.096" /><testcase classname="tests.backend_test.TestOntology" name="test_import_and_reactivate_seed" time="0.195" /><testcase classname="tests.backend_test.TestRegenerate" name="test_regenerate" time="52.373" /><testcase classname="tests.backend_test.TestPipeline" name="test_list_pipelines" time="0.149" /><testcase classname="tests.backend_test.TestPipeline" name="test_list_pipelines_with_filter" time="0.085" /><testcase classname="tests.backend_test.TestPipeline" name="test_get_pipeline" time="0.045" /><testcase classname="tests.backend_test.TestPipeline" name="test_get_artifact_original" time="0.240" /><testcase classname="tests.backend_test.TestPipeline" name="test_get_artifact_extraction" time="0.212" /><testcase classname="tests.backend_test.TestPipeline" name="test_get_artifact_pipeline" time="0.308" /><testcase classname="tests.backend_test.TestPipeline" name="test_update_pipeline" time="0.400" /><testcase classname="tests.backend_test.TestPipeline" name="test_delete_pipeline" time="0.098" /></testsuite></testsuites>