<?xml version="1.0" encoding="utf-8"?><testsuites name="pytest tests"><testsuite name="pytest" errors="0" failures="0" skipped="0" tests="5" time="11.173" timestamp="2026-07-10T19:38:40.961107+00:00" hostname="agent-env-a68e2c47-04a1-42f8-afbc-f6b3d92581df"><testcase classname="tests.test_ontology_reset_import.TestOntologyReset" name="test_reset_endpoint_restores_seed" time="0.419" /><testcase classname="tests.test_ontology_reset_import.TestOntologyImportGuards" name="test_import_json_ok" time="0.057" /><testcase classname="tests.test_ontology_reset_import.TestOntologyImportGuards" name="test_import_empty_json_returns_400" time="0.050" /><testcase classname="tests.test_ontology_reset_import.TestOntologyImportGemini" name="test_import_txt_via_gemini" time="10.537" /><testcase classname="tests.test_ontology_reset_import.TestFinalReset" name="test_final_reset" time="0.054" /></testsuite></testsuites>